==166== Memcheck, a memory error detector
==166== Copyright (C) 2002-2022, and GNU GPL'd, by Julian Seward et al.
==166== Using Valgrind-3.19.0 and LibVEX; rerun with -h for copyright info
==166== Command: ./view 10 10
==166== Parent PID: 164
==166== 
==166== 
==166== HEAP SUMMARY:
==166==     in use at exit: 91,510 bytes in 181 blocks
==166==   total heap usage: 237 allocs, 56 frees, 111,683 bytes allocated
==166== 
==166== 9 bytes in 1 blocks are possibly lost in loss record 8 of 90
==166==    at 0x48850C8: malloc (vg_replace_malloc.c:381)
==166==    by 0x49F580F: strdup (strdup.c:42)
==166==    by 0x4925CDF: ??? (in /usr/lib/aarch64-linux-gnu/libtinfo.so.6.4)
==166==    by 0x49286FF: _nc_tiparm (in /usr/lib/aarch64-linux-gnu/libtinfo.so.6.4)
==166==    by 0x48D1B73: ??? (in /usr/lib/aarch64-linux-gnu/libncurses.so.6.4)
==166==    by 0x48D24FF: newterm_sp (in /usr/lib/aarch64-linux-gnu/libncurses.so.6.4)
==166==    by 0x48D2747: newterm (in /usr/lib/aarch64-linux-gnu/libncurses.so.6.4)
==166==    by 0x48CEE5F: initscr (in /usr/lib/aarch64-linux-gnu/libncurses.so.6.4)
==166==    by 0x10995F: init_ncurses (view.c:84)
==166==    by 0x10AC9F: main (view.c:356)
==166== 
==166== 9 bytes in 1 blocks are possibly lost in loss record 9 of 90
==166==    at 0x48850C8: malloc (vg_replace_malloc.c:381)
==166==    by 0x49F580F: strdup (strdup.c:42)
==166==    by 0x4925CDF: ??? (in /usr/lib/aarch64-linux-gnu/libtinfo.so.6.4)
==166==    by 0x49286FF: _nc_tiparm (in /usr/lib/aarch64-linux-gnu/libtinfo.so.6.4)
==166==    by 0x48D1B9F: ??? (in /usr/lib/aarch64-linux-gnu/libncurses.so.6.4)
==166==    by 0x48D24FF: newterm_sp (in /usr/lib/aarch64-linux-gnu/libncurses.so.6.4)
==166==    by 0x48D2747: newterm (in /usr/lib/aarch64-linux-gnu/libncurses.so.6.4)
==166==    by 0x48CEE5F: initscr (in /usr/lib/aarch64-linux-gnu/libncurses.so.6.4)
==166==    by 0x10995F: init_ncurses (view.c:84)
==166==    by 0x10AC9F: main (view.c:356)
==166== 
==166== 9 bytes in 1 blocks are possibly lost in loss record 10 of 90
==166==    at 0x48850C8: malloc (vg_replace_malloc.c:381)
==166==    by 0x49F580F: strdup (strdup.c:42)
==166==    by 0x4925CDF: ??? (in /usr/lib/aarch64-linux-gnu/libtinfo.so.6.4)
==166==    by 0x49286FF: _nc_tiparm (in /usr/lib/aarch64-linux-gnu/libtinfo.so.6.4)
==166==    by 0x48D1BCB: ??? (in /usr/lib/aarch64-linux-gnu/libncurses.so.6.4)
==166==    by 0x48D24FF: newterm_sp (in /usr/lib/aarch64-linux-gnu/libncurses.so.6.4)
==166==    by 0x48D2747: newterm (in /usr/lib/aarch64-linux-gnu/libncurses.so.6.4)
==166==    by 0x48CEE5F: initscr (in /usr/lib/aarch64-linux-gnu/libncurses.so.6.4)
==166==    by 0x10995F: init_ncurses (view.c:84)
==166==    by 0x10AC9F: main (view.c:356)
==166== 
==166== 24 bytes in 1 blocks are possibly lost in loss record 31 of 90
==166==    at 0x48850C8: malloc (vg_replace_malloc.c:381)
==166==    by 0x4A456A3: tsearch (tsearch.c:337)
==166==    by 0x4925CF7: ??? (in /usr/lib/aarch64-linux-gnu/libtinfo.so.6.4)
==166==    by 0x49286FF: _nc_tiparm (in /usr/lib/aarch64-linux-gnu/libtinfo.so.6.4)
==166==    by 0x48D1B73: ??? (in /usr/lib/aarch64-linux-gnu/libncurses.so.6.4)
==166==    by 0x48D24FF: newterm_sp (in /usr/lib/aarch64-linux-gnu/libncurses.so.6.4)
==166==    by 0x48D2747: newterm (in /usr/lib/aarch64-linux-gnu/libncurses.so.6.4)
==166==    by 0x48CEE5F: initscr (in /usr/lib/aarch64-linux-gnu/libncurses.so.6.4)
==166==    by 0x10995F: init_ncurses (view.c:84)
==166==    by 0x10AC9F: main (view.c:356)
==166== 
==166== 24 bytes in 1 blocks are possibly lost in loss record 32 of 90
==166==    at 0x48850C8: malloc (vg_replace_malloc.c:381)
==166==    by 0x4A456A3: tsearch (tsearch.c:337)
==166==    by 0x4925CF7: ??? (in /usr/lib/aarch64-linux-gnu/libtinfo.so.6.4)
==166==    by 0x49286FF: _nc_tiparm (in /usr/lib/aarch64-linux-gnu/libtinfo.so.6.4)
==166==    by 0x48D1B9F: ??? (in /usr/lib/aarch64-linux-gnu/libncurses.so.6.4)
==166==    by 0x48D24FF: newterm_sp (in /usr/lib/aarch64-linux-gnu/libncurses.so.6.4)
==166==    by 0x48D2747: newterm (in /usr/lib/aarch64-linux-gnu/libncurses.so.6.4)
==166==    by 0x48CEE5F: initscr (in /usr/lib/aarch64-linux-gnu/libncurses.so.6.4)
==166==    by 0x10995F: init_ncurses (view.c:84)
==166==    by 0x10AC9F: main (view.c:356)
==166== 
==166== 24 bytes in 1 blocks are possibly lost in loss record 33 of 90
==166==    at 0x48850C8: malloc (vg_replace_malloc.c:381)
==166==    by 0x4A456A3: tsearch (tsearch.c:337)
==166==    by 0x4925CF7: ??? (in /usr/lib/aarch64-linux-gnu/libtinfo.so.6.4)
==166==    by 0x49286FF: _nc_tiparm (in /usr/lib/aarch64-linux-gnu/libtinfo.so.6.4)
==166==    by 0x48D1BCB: ??? (in /usr/lib/aarch64-linux-gnu/libncurses.so.6.4)
==166==    by 0x48D24FF: newterm_sp (in /usr/lib/aarch64-linux-gnu/libncurses.so.6.4)
==166==    by 0x48D2747: newterm (in /usr/lib/aarch64-linux-gnu/libncurses.so.6.4)
==166==    by 0x48CEE5F: initscr (in /usr/lib/aarch64-linux-gnu/libncurses.so.6.4)
==166==    by 0x10995F: init_ncurses (view.c:84)
==166==    by 0x10AC9F: main (view.c:356)
==166== 
==166== 168 bytes in 1 blocks are possibly lost in loss record 62 of 90
==166==    at 0x4889F94: calloc (vg_replace_malloc.c:1328)
==166==    by 0x4925C9F: ??? (in /usr/lib/aarch64-linux-gnu/libtinfo.so.6.4)
==166==    by 0x49286FF: _nc_tiparm (in /usr/lib/aarch64-linux-gnu/libtinfo.so.6.4)
==166==    by 0x48D1B73: ??? (in /usr/lib/aarch64-linux-gnu/libncurses.so.6.4)
==166==    by 0x48D24FF: newterm_sp (in /usr/lib/aarch64-linux-gnu/libncurses.so.6.4)
==166==    by 0x48D2747: newterm (in /usr/lib/aarch64-linux-gnu/libncurses.so.6.4)
==166==    by 0x48CEE5F: initscr (in /usr/lib/aarch64-linux-gnu/libncurses.so.6.4)
==166==    by 0x10995F: init_ncurses (view.c:84)
==166==    by 0x10AC9F: main (view.c:356)
==166== 
==166== 168 bytes in 1 blocks are possibly lost in loss record 63 of 90
==166==    at 0x4889F94: calloc (vg_replace_malloc.c:1328)
==166==    by 0x4925C9F: ??? (in /usr/lib/aarch64-linux-gnu/libtinfo.so.6.4)
==166==    by 0x49286FF: _nc_tiparm (in /usr/lib/aarch64-linux-gnu/libtinfo.so.6.4)
==166==    by 0x48D1B9F: ??? (in /usr/lib/aarch64-linux-gnu/libncurses.so.6.4)
==166==    by 0x48D24FF: newterm_sp (in /usr/lib/aarch64-linux-gnu/libncurses.so.6.4)
==166==    by 0x48D2747: newterm (in /usr/lib/aarch64-linux-gnu/libncurses.so.6.4)
==166==    by 0x48CEE5F: initscr (in /usr/lib/aarch64-linux-gnu/libncurses.so.6.4)
==166==    by 0x10995F: init_ncurses (view.c:84)
==166==    by 0x10AC9F: main (view.c:356)
==166== 
==166== 168 bytes in 1 blocks are possibly lost in loss record 64 of 90
==166==    at 0x4889F94: calloc (vg_replace_malloc.c:1328)
==166==    by 0x4925C9F: ??? (in /usr/lib/aarch64-linux-gnu/libtinfo.so.6.4)
==166==    by 0x49286FF: _nc_tiparm (in /usr/lib/aarch64-linux-gnu/libtinfo.so.6.4)
==166==    by 0x48D1BCB: ??? (in /usr/lib/aarch64-linux-gnu/libncurses.so.6.4)
==166==    by 0x48D24FF: newterm_sp (in /usr/lib/aarch64-linux-gnu/libncurses.so.6.4)
==166==    by 0x48D2747: newterm (in /usr/lib/aarch64-linux-gnu/libncurses.so.6.4)
==166==    by 0x48CEE5F: initscr (in /usr/lib/aarch64-linux-gnu/libncurses.so.6.4)
==166==    by 0x10995F: init_ncurses (view.c:84)
==166==    by 0x10AC9F: main (view.c:356)
==166== 
==166== LEAK SUMMARY:
==166==    definitely lost: 0 bytes in 0 blocks
==166==    indirectly lost: 0 bytes in 0 blocks
==166==      possibly lost: 603 bytes in 9 blocks
==166==    still reachable: 90,907 bytes in 172 blocks
==166==         suppressed: 0 bytes in 0 blocks
==166== Reachable blocks (those to which a pointer was found) are not shown.
==166== To see them, rerun with: --leak-check=full --show-leak-kinds=all
==166== 
==166== For lists of detected and suppressed errors, rerun with: -s
==166== ERROR SUMMARY: 9 errors from 9 contexts (suppressed: 0 from 0)
